<?xml version="1.0" encoding="UTF-8"?>
<!-- Generated by org.testng.reporters.JUnitReportReporter -->
<testsuite skipped="0" hostname="Home-PC" name="Banking.EditCustomerTestCase" tests="1" failures="0" timestamp="2020-04-21T16:24:11 IST" time="26.416" errors="0">
  <testcase name="EditCustomer" time="26.416" classname="Banking.EditCustomerTestCase"/>
</testsuite> <!-- Banking.EditCustomerTestCase -->
