<?xml version="1.0" encoding="UTF-8"?>
<!-- Generated by org.testng.reporters.JUnitReportReporter -->
<testsuite skipped="0" hostname="Home-PC" name="Banking.addCustomerTestCase" tests="1" failures="0" timestamp="2020-04-20T23:26:01 IST" time="32.780" errors="0">
  <testcase name="addCustomer" time="32.780" classname="Banking.addCustomerTestCase"/>
</testsuite> <!-- Banking.addCustomerTestCase -->
