<?xml version="1.0" encoding="UTF-8"?>
<!-- Generated by org.testng.reporters.JUnitReportReporter -->
<testsuite skipped="0" hostname="Home-PC" name="Banking.addCustomerTestCase" tests="1" failures="0" timestamp="2020-04-21T12:52:08 IST" time="49.843" errors="0">
  <testcase name="addCustomer" time="49.843" classname="Banking.addCustomerTestCase"/>
</testsuite> <!-- Banking.addCustomerTestCase -->
