<?xml version="1.0" encoding="UTF-8"?>
<!-- Generated by org.testng.reporters.JUnitReportReporter -->
<testsuite skipped="0" hostname="Home-PC" name="Banking.loginTestCase" tests="1" failures="0" timestamp="2020-04-20T23:26:01 IST" time="92.061" errors="0">
  <testcase name="LoginHomePage" time="92.061" classname="Banking.loginTestCase"/>
</testsuite> <!-- Banking.loginTestCase -->
